------------------------------------------------------------
Server listening on TCP port 5001
TCP window size:  128 KByte (default)
------------------------------------------------------------
------------------------------------------------------------
Client connecting to 192.168.10.2, TCP port 5001
TCP window size: 85.0 KByte (default)
------------------------------------------------------------
[  1] local 192.168.10.1 port 37240 connected with 192.168.10.2 port 5001
[  2] local 192.168.10.1 port 5001 connected with 192.168.10.2 port 33338
[ ID] Interval       Transfer     Bandwidth
[  2] 0.0000-1.0000 sec   104 MBytes   875 Mbits/sec
[  1] 0.0000-1.0000 sec   113 MBytes   949 Mbits/sec
[  2] 1.0000-2.0000 sec   110 MBytes   925 Mbits/sec
[  1] 1.0000-2.0000 sec   111 MBytes   932 Mbits/sec
[  2] 2.0000-3.0000 sec   110 MBytes   925 Mbits/sec
[  1] 2.0000-3.0000 sec   111 MBytes   933 Mbits/sec
[  2] 3.0000-4.0000 sec   110 MBytes   925 Mbits/sec
[  1] 3.0000-4.0000 sec   112 MBytes   940 Mbits/sec
[  2] 4.0000-5.0000 sec   110 MBytes   925 Mbits/sec
[  1] 4.0000-5.0000 sec   110 MBytes   927 Mbits/sec
[  2] 5.0000-6.0000 sec   110 MBytes   925 Mbits/sec
[  1] 5.0000-6.0000 sec   112 MBytes   935 Mbits/sec
[  2] 6.0000-7.0000 sec   110 MBytes   925 Mbits/sec
[  1] 6.0000-7.0000 sec   111 MBytes   933 Mbits/sec
[  2] 7.0000-8.0000 sec   110 MBytes   925 Mbits/sec
[  1] 7.0000-8.0000 sec   112 MBytes   936 Mbits/sec
[  2] 8.0000-9.0000 sec   110 MBytes   925 Mbits/sec
[  1] 8.0000-9.0000 sec   111 MBytes   933 Mbits/sec
[  2] 9.0000-10.0000 sec   110 MBytes   926 Mbits/sec
[  1] 9.0000-10.0000 sec   111 MBytes   930 Mbits/sec
[  2] 0.0000-10.0307 sec  1.07 GBytes   920 Mbits/sec
[  1] 0.0000-10.0360 sec  1.09 GBytes   932 Mbits/sec
