0.415
0.339
0.378
0.366
0.347
0.373
0.358
0.364
0.344
0.389
0.384
0.385
0.460
0.456
0.457
0.458
0.456
0.461
0.458
0.455
0.388
0.375
0.365
0.357
0.356
0.343
0.329
0.321
0.313
0.373
0.384
0.376
0.337
0.377
0.344
0.374
0.339
0.356
0.371
0.447
0.458
0.453
0.454
0.455
0.455
0.453
0.455
0.453
0.456
0.391
0.452
0.452
0.454
0.456
0.456
0.456
0.454
0.464
0.462
0.376
0.376
0.376
0.374
0.345
0.359
0.454
0.456
0.459
0.456
0.455
0.454
0.394
0.456
0.458
0.457
0.444
0.459
0.457
0.457
0.455
0.456
0.459
0.457
0.389
0.455
0.458
0.456
0.457
0.456
0.473
0.457
0.498
0.458
0.460
0.456
0.455
0.455
0.460
0.456
0.464
0.458
0.458
0.455
0.454
0.455
0.455
0.455
0.460
0.458
0.456
0.456
0.456
0.455
0.460
0.453
0.455
0.456
0.455
0.454
0.454
0.447
0.315
0.311
0.307
0.330
0.365
0.381
0.364
0.365
0.367
0.363
0.451
0.454
0.455
0.460
0.455
0.456
0.451
0.464
0.458
0.450
0.449
0.365
0.454
0.454
0.458
0.455
0.452
0.400
0.314
0.430
0.312
0.325
0.323
0.323
0.323
0.316
0.314
0.315
0.312
0.314
0.369
0.357
0.364
0.362
0.365
0.326
0.327
0.325
0.312
0.311
0.360
0.322
0.360
0.362
0.324
0.326
0.326
0.323
0.312
0.312
0.312
0.363
0.325
0.361
0.362
0.326
0.322
0.324
0.326
0.314
0.313
0.314
0.366
0.325
0.370
0.455
0.455
0.457
0.457
0.461
0.456
0.456
0.422
0.459
0.456
0.456
0.455
0.456
0.460
0.457
0.462
0.456
0.455
0.455
0.455
0.454
0.456
0.365
0.371
0.454
0.457
0.458
0.455
0.455
0.459
0.456
0.470
0.393
0.455
0.457
0.455
0.455
0.455
0.455
0.384
0.362
0.447
0.453
0.455
0.454
0.457
0.457
0.457
0.456
0.448
0.455
0.455
0.455
0.456
0.455
0.453
0.363
0.375
0.454
0.456
0.458
0.385
0.455
0.454
0.455
0.455
0.452
0.455
0.455
0.455
0.457
0.455
0.455
0.460
0.447
0.457
0.458
0.461
0.456
0.455
0.455
0.388
0.391
0.457
0.455
0.456
0.462
0.455
0.456
0.457
0.461
0.454
0.456
0.462
0.457
0.420
0.446
0.455
0.457
0.332
0.325
0.327
0.316
0.326
0.325
0.324
0.324
0.325
0.325
0.356
0.455
0.455
0.457
0.459
0.456
0.454
0.458
0.455
0.454
0.455
0.455
0.456
0.455
0.456
0.383
0.370
0.366
0.458
0.455
0.458
0.459
0.455
0.456
0.453
0.462
0.456
0.456
0.455
0.455
0.454
0.454
0.457
0.454
0.449
0.456
0.451
0.454
0.455
0.453
0.453
0.452
0.448
0.455
0.453
0.455
0.417
0.455
0.459
0.457
0.463
0.456
0.456
0.457
0.455
0.456
0.455
0.455
0.460
0.456
0.462
0.448
0.455
0.455
0.460
0.455
0.460
0.455
0.458
0.456
0.455
0.463
0.455
0.457
0.456
0.456
0.455
0.457
0.455
0.462
0.459
0.457
0.456
0.456
0.455
0.456
0.456
0.457
0.456
0.456
0.462
0.463
0.456
0.456
0.457
0.454
0.458
0.458
0.364
0.459
0.451
0.457
0.453
0.453
0.453
0.453
0.451
0.458
0.453
0.453
0.454
0.469
0.459
0.456
0.454
0.467
0.455
0.454
0.453
0.453
0.454
0.455
0.452
0.455
0.453
0.453
0.454
0.453
0.458
0.454
0.453
0.364
0.357
0.384
0.449
0.456
0.455
0.455
0.455
0.456
0.454
0.328
0.302
0.325
0.329
0.325
0.327
0.324
0.325
0.324
0.324
0.325
0.452
0.456
0.454
0.456
0.300
0.299
0.363
0.366
0.372
0.447
0.455
0.456
0.456
0.458
0.363
0.367
0.364
0.363
0.450
0.457
0.456
0.454
0.361
0.299
0.367
0.365
0.363
0.364
0.455
0.456
0.300
0.305
0.321
0.366
0.362
0.364
0.363
0.365
0.458
0.366
0.372
0.363
0.363
0.365
0.317
0.324
0.319
0.364
0.327
0.328
0.326
0.324
0.316
0.312
0.311
0.311
0.363
0.323
0.356
0.363
0.326
0.323
0.299
0.323
0.314
0.313
0.315
0.363
0.326
0.366
0.451
0.365
0.368
0.365
0.365
0.364
0.369
0.365
0.329
0.482
0.457
0.457
0.458
0.480
0.455
0.365
0.362
0.398
0.459
0.456
0.455
0.455
0.454
0.367
0.364
0.363
0.347
0.455
0.457
0.459
0.457
0.365
0.363
0.363
0.367
0.387
0.301
0.456
0.456
0.364
0.343
0.363
0.362
0.363
0.361
0.362
0.298
0.361
0.362
0.364
0.368
0.363
0.363
0.331
0.328
0.331
0.368
0.365
0.367
0.364
0.330
0.330
0.328
0.314
0.363
0.327
0.362
0.457
0.459
0.297
0.297
0.366
0.364
0.362
0.362
0.365
0.465
0.456
0.461
0.456
0.457
0.457
0.461
0.456
0.395
0.455
0.456
0.386
0.458
0.456
0.453
0.454
0.456
0.454
0.454
0.455
0.455
0.457
0.457
0.458
0.452
0.450
0.456
0.456
0.455
0.458
0.457
0.456
0.455
0.388
0.462
0.457
0.456
0.463
0.461
0.457
0.455
0.476
0.455
0.456
0.456
0.454
0.456
0.457
0.461
0.408
0.458
0.455
0.455
0.454
0.462
0.455
0.457
0.465
0.451
0.459
0.455
0.458
0.455
0.459
0.456
0.481
0.319
0.330
0.323
0.324
0.327
0.324
0.326
0.325
0.324
0.324
0.341
0.459
0.456
0.454
0.364
0.362
0.364
0.363
0.362
0.363
0.450
0.457
0.454
0.365
0.361
0.364
0.362
0.366
0.323
0.358
0.363
0.360
0.362
0.363
0.363
0.325
0.327
0.323
0.314
0.314
0.364
0.327
0.326
0.319
0.323
0.323
0.303
0.314
0.313
0.364
0.324
0.363
0.369
0.328
0.328
0.330
0.330
0.314
0.313
0.316
0.365
0.333
0.363
0.365
0.330
0.332
0.329
0.330
0.317
0.313
0.316
0.329
0.313
0.364
0.365
0.363
0.332
0.329
0.329
0.313
0.294
0.312
0.329
0.315
0.370
0.362
0.363
0.328
0.328
0.327
0.312
0.313
0.311
0.328
0.314
0.451
0.458
0.457
0.456
0.458
0.394
0.452
0.457
0.395
0.399
0.457
0.459
0.463
0.458
0.458
0.459
0.466
0.463
0.459
0.458
0.458
0.463
0.454
0.456
0.481
0.327
0.322
0.324
0.324
0.324
0.327
0.323
0.324
0.329
0.328
0.343
0.459
0.463
0.460
0.462
0.454
0.455
0.457
0.454
0.305
0.364
0.364
0.363
0.363
0.377
0.365
0.367
0.364
0.366
0.450
0.460
0.540
0.516
0.460
0.459
0.456
0.454
0.452
0.362
0.365
0.363
0.362
0.364
0.362
0.461
0.446
0.453
0.441
0.454
0.455
0.452
0.455
0.392
0.456
0.457
0.456
0.454
0.455
0.456
0.399
0.453
0.460
0.457
0.456
0.455
0.456
0.455
0.455
0.457
0.457
0.457
0.461
0.459
0.396
0.456
0.456
0.459
0.462
0.461
0.457
0.457
0.457
0.455
0.456
0.456
0.461
0.460
0.457
0.456
0.455
0.455
0.457
0.462
0.464
0.455
0.458
0.456
0.455
0.455
0.456
0.456
0.461
0.454
0.456
0.456
0.455
0.454
0.453
0.457
0.458
0.454
0.460
0.457
0.453
0.455
0.453
0.458
0.467
0.453
0.455
0.452
0.453
0.453
0.456
0.458
0.454
0.449
0.455
0.453
0.454
0.454
0.454
0.456
0.453
0.446
0.455
0.454
0.455
0.397
0.458
0.458
0.453
0.391
0.456
0.446
0.452
0.384
0.457
0.417
0.362
0.364
0.363
0.456
0.455
0.453
0.454
0.464
0.455
0.456
0.464
0.456
0.457
0.455
0.458
0.455
0.456
0.456
0.482
0.331
0.328
0.324
0.328
0.328
0.324
0.326
0.323
0.324
0.335
0.340
0.458
0.455
0.454
0.457
0.456
0.456
0.456
0.454
0.457
0.461
0.454
0.455
0.456
0.455
0.457
0.454
0.452
0.456
0.455
0.455
0.455
0.458
0.408
0.366
0.377
0.462
0.454
0.454
0.466
0.458
0.457
0.462
