0.439
0.386
0.356
0.366
0.460
0.455
0.489
0.482
0.396
0.376
0.366
0.377
0.345
0.337
0.344
0.374
0.381
0.347
0.322
0.491
0.482
0.455
0.487
0.487
0.503
0.354
0.328
0.323
0.359
0.344
0.335
0.340
0.483
0.455
0.486
0.485
0.483
0.450
0.484
0.445
0.488
0.345
0.335
0.326
0.492
0.460
0.488
0.484
0.490
0.453
0.486
0.482
0.483
0.414
0.387
0.490
0.486
0.461
0.485
0.484
0.482
0.462
0.486
0.481
0.487
0.465
0.486
0.486
0.482
0.448
0.487
0.487
0.486
0.439
0.475
0.487
0.483
0.463
0.484
0.485
0.487
0.467
0.485
0.487
0.482
0.465
0.479
0.486
0.385
0.471
0.484
0.484
0.482
0.466
0.486
0.484
0.487
0.470
0.484
0.484
0.483
0.471
0.489
0.483
0.485
0.350
0.492
0.484
0.483
0.468
0.487
0.485
0.488
0.472
0.487
0.483
0.489
0.474
0.486
0.483
0.405
0.477
0.486
0.486
0.486
0.479
0.485
0.489
0.490
0.478
0.487
0.484
0.500
0.482
0.460
0.486
0.487
0.392
0.492
0.486
0.486
0.478
0.488
0.483
0.367
0.480
0.486
0.454
0.488
0.459
0.486
0.485
0.487
0.482
0.502
0.478
0.485
0.485
0.483
0.486
0.488
0.481
0.486
0.489
0.484
0.490
0.489
0.483
0.484
0.452
0.487
0.489
0.481
0.485
0.484
0.484
0.490
0.489
0.486
0.491
0.485
0.483
0.365
0.365
0.360
0.363
0.362
0.363
0.323
0.394
0.492
0.483
0.517
0.481
0.485
0.487
0.486
0.483
0.483
0.491
0.491
0.455
0.467
0.449
0.488
0.489
0.482
0.484
0.493
0.482
0.392
0.491
0.504
0.488
0.487
0.484
0.489
0.382
0.491
0.485
0.489
0.484
0.485
0.482
0.493
0.483
0.484
0.470
0.494
0.481
0.486
0.485
0.487
0.455
0.490
0.482
0.508
0.482
0.482
0.483
0.481
0.483
0.485
0.485
0.467
0.484
0.484
0.481
0.460
0.485
0.485
0.483
0.449
0.486
0.485
0.486
0.493
0.485
0.399
0.502
0.375
0.492
0.485
0.484
0.423
0.462
0.487
0.485
0.375
0.490
0.484
0.483
0.398
0.487
0.461
0.483
0.416
0.487
0.449
0.486
0.404
0.489
0.491
0.487
0.393
0.491
0.484
0.484
0.401
0.409
0.481
0.484
0.400
0.489
0.486
0.485
0.394
0.467
0.487
0.488
0.399
0.492
0.483
0.483
0.490
0.484
0.488
0.470
0.364
0.491
0.483
0.483
0.388
0.490
0.487
0.484
0.403
0.489
0.489
0.489
0.484
0.484
0.486
0.484
0.491
0.485
0.485
0.482
0.488
0.472
0.485
0.482
0.489
0.482
0.482
0.484
0.491
0.401
0.490
0.485
0.459
0.483
0.483
0.482
0.445
0.485
0.484
0.482
0.452
0.487
0.396
0.490
0.453
0.486
0.481
0.483
0.447
0.484
0.483
0.482
0.450
0.483
0.485
0.485
0.447
0.488
0.485
0.483
0.496
0.483
0.482
0.484
0.396
0.494
0.475
0.487
0.451
0.485
0.483
0.485
0.452
0.483
0.482
0.484
0.464
0.490
0.484
0.487
0.489
0.485
0.485
0.485
0.503
0.484
0.485
0.485
0.488
0.486
0.485
0.484
0.496
0.489
0.487
0.486
0.447
0.485
0.484
0.485
0.489
0.489
0.484
0.490
0.489
0.488
0.486
0.487
0.494
0.487
0.486
0.484
0.489
0.494
0.486
0.473
0.489
0.486
0.486
0.486
0.488
0.485
0.483
0.484
0.494
0.488
0.485
0.484
0.490
0.484
0.486
0.486
0.487
0.484
0.485
0.484
0.500
0.490
0.484
0.490
0.495
0.484
0.484
0.484
0.491
0.486
0.483
0.484
0.350
0.491
0.484
0.484
0.490
0.488
0.486
0.488
0.493
0.505
0.472
0.486
0.475
0.487
0.484
0.481
0.480
0.486
0.487
0.485
0.463
0.405
0.491
0.487
0.488
0.451
0.486
0.486
0.472
0.490
0.484
0.487
0.468
0.487
0.481
0.486
0.478
0.486
0.481
0.486
0.397
0.486
0.483
0.485
0.479
0.487
0.484
0.487
0.483
0.484
0.483
0.486
0.483
0.403
0.490
0.382
0.485
0.483
0.498
0.482
0.480
0.483
0.484
0.486
0.362
0.361
0.364
0.365
0.484
0.488
0.485
0.384
0.486
0.488
0.485
0.492
0.485
0.484
0.484
0.493
0.483
0.485
0.487
0.490
0.396
0.494
0.485
0.417
0.369
0.365
0.364
0.389
0.489
0.483
0.485
0.490
0.456
0.488
0.486
0.494
0.484
0.475
0.393
0.491
0.488
0.484
0.452
0.494
0.488
0.483
0.388
0.491
0.484
0.488
0.452
0.485
0.483
0.483
0.454
0.488
0.489
0.483
0.451
0.489
0.483
0.405
0.357
0.328
0.447
0.389
0.455
0.489
0.484
0.481
0.451
0.486
0.375
0.349
0.366
0.345
0.473
0.483
0.450
0.486
0.482
0.484
0.451
0.485
0.398
0.333
0.326
0.475
0.488
0.482
0.458
0.486
0.486
0.483
0.468
0.484
0.484
0.492
0.458
0.474
0.485
0.465
0.453
0.485
0.488
0.485
0.455
0.483
0.488
0.480
0.459
0.484
0.485
0.483
0.456
0.492
0.384
0.487
0.456
0.484
0.486
0.483
0.449
0.488
0.486
0.483
0.467
0.486
0.391
0.487
0.459
0.483
0.486
0.483
0.461
0.483
0.485
0.483
0.487
0.482
0.490
0.485
0.489
0.483
0.487
0.486
0.486
0.481
0.485
0.484
0.489
0.483
0.487
0.484
0.486
0.484
0.485
0.484
0.468
0.490
0.486
0.486
0.489
0.451
0.485
0.482
0.462
0.485
0.488
0.484
0.469
0.484
0.482
0.486
0.412
0.478
0.484
0.485
0.473
0.484
0.485
0.484
0.467
0.485
0.487
0.486
0.472
0.485
0.484
0.485
0.364
0.490
0.488
0.484
0.482
0.484
0.484
0.484
0.469
0.486
0.489
0.384
0.474
0.484
0.484
0.486
0.477
0.490
0.488
0.485
0.482
0.485
0.484
0.482
0.476
0.486
0.490
0.486
0.479
0.491
0.482
0.484
0.383
0.491
0.487
0.488
0.474
0.487
0.403
0.489
0.480
0.488
0.489
0.486
0.477
0.484
0.486
0.485
0.472
0.487
0.485
0.487
0.482
0.485
0.489
0.486
0.482
0.486
0.397
0.379
0.389
0.491
0.486
0.484
0.449
0.487
0.486
0.487
0.474
0.487
0.484
0.485
0.481
0.487
0.489
0.386
0.458
0.486
0.486
0.487
0.483
0.491
0.488
0.511
0.365
0.366
0.365
0.372
0.486
0.488
0.489
0.492
0.485
0.488
0.486
0.491
0.450
0.489
0.486
0.488
0.456
0.487
0.486
0.490
0.467
0.456
0.495
0.494
0.485
0.488
0.458
0.495
0.485
0.485
0.486
0.493
0.484
0.484
0.487
0.497
0.485
0.488
0.488
0.490
0.396
0.480
0.485
0.492
0.455
0.486
0.486
0.491
0.494
0.487
0.484
0.471
0.482
0.484
0.488
0.461
0.485
0.485
0.385
0.459
0.486
0.486
0.484
0.444
0.486
0.483
0.484
0.432
0.487
0.482
0.487
0.420
0.487
0.485
0.485
0.406
0.462
0.442
0.481
0.412
0.490
0.483
0.484
0.407
0.488
0.484
0.486
0.400
0.488
0.486
0.485
0.394
0.490
0.486
0.484
0.393
0.492
0.486
0.485
0.389
0.488
0.484
0.488
0.382
0.489
0.483
0.488
0.364
0.469
0.482
0.485
0.383
0.382
0.459
0.488
0.484
0.306
0.300
0.301
0.364
0.469
0.484
0.458
0.484
0.469
0.487
0.490
0.485
0.466
0.488
0.485
0.486
0.472
0.485
0.488
0.483
0.469
0.485
0.485
0.485
0.367
0.492
0.482
0.486
0.491
0.487
0.490
0.484
0.489
0.485
0.405
0.483
0.476
0.484
0.482
0.380
0.475
0.482
0.482
0.395
0.476
0.485
0.483
0.485
0.481
0.485
0.486
0.483
0.478
0.484
0.485
0.482
0.378
0.491
0.481
0.482
0.479
0.485
0.489
0.483
0.479
0.483
0.486
0.485
0.439
0.488
0.480
0.483
0.460
0.484
0.486
0.484
0.483
0.483
0.454
0.483
0.480
0.484
0.495
0.482
0.482
0.488
0.469
0.485
0.365
0.366
