0.436
0.598
0.550
0.546
0.550
0.557
0.498
0.552
0.554
0.561
0.552
0.552
0.554
0.551
0.495
0.548
0.548
0.548
0.553
0.554
0.550
0.554
0.559
0.554
0.560
0.550
0.555
0.548
0.549
0.549
0.553
0.551
0.508
0.385
0.551
0.394
0.546
0.484
0.551
0.551
0.552
0.550
0.555
0.550
0.552
0.384
0.554
0.558
0.542
0.549
0.554
0.548
0.548
0.502
0.551
0.551
0.556
0.550
0.552
0.552
0.553
0.554
0.536
0.384
0.551
0.554
0.550
0.552
0.386
0.552
0.549
0.559
0.574
0.552
0.380
0.548
0.548
0.539
0.554
0.550
0.550
0.554
0.551
0.558
0.552
0.558
0.563
0.398
0.563
0.504
0.549
0.515
0.517
0.547
0.557
0.557
0.550
0.391
0.553
0.539
0.341
0.556
0.544
0.539
0.551
0.552
0.552
0.550
0.551
0.611
0.552
0.532
0.374
0.472
0.549
0.395
0.552
0.551
0.552
0.551
0.550
0.491
0.549
0.554
0.549
0.382
0.557
0.550
0.550
0.550
0.551
0.552
0.550
0.560
0.499
0.563
0.552
0.555
0.550
0.562
0.548
0.549
0.553
0.551
0.542
0.513
0.555
0.382
0.555
0.530
0.560
0.516
0.559
0.511
0.535
0.508
0.549
0.515
0.555
0.510
0.553
0.513
0.549
0.402
0.552
0.515
0.552
0.515
0.550
0.510
0.493
0.512
0.383
0.510
0.555
0.517
0.551
0.515
0.553
0.511
0.544
0.510
0.554
0.512
0.554
0.510
0.384
0.512
0.553
0.513
0.555
0.517
0.550
0.511
0.567
0.512
0.550
0.511
0.383
0.528
0.493
0.512
0.554
0.510
0.550
0.514
0.570
0.514
0.558
0.511
0.551
0.532
0.531
0.514
0.517
0.509
0.448
0.510
0.531
0.507
0.386
0.506
0.556
0.507
0.550
0.509
0.547
0.510
0.551
0.509
0.553
0.513
0.551
0.510
0.550
0.509
0.550
0.508
0.554
0.509
0.527
0.506
0.549
0.511
0.550
0.512
0.385
0.513
0.550
0.511
0.511
0.509
0.487
0.389
0.390
0.508
0.553
0.511
0.541
0.507
0.551
0.362
0.557
0.508
0.550
0.550
0.487
0.551
0.499
0.558
0.557
0.495
0.550
0.555
0.556
0.551
0.548
0.550
0.550
0.549
0.490
0.552
0.556
0.553
0.391
0.551
0.530
0.551
0.548
0.553
0.552
0.549
0.552
0.547
0.551
0.552
0.559
0.548
0.549
0.544
0.545
0.537
0.546
0.352
0.373
0.393
0.550
0.521
0.520
0.545
0.382
0.555
0.553
0.549
0.553
0.516
0.515
0.462
0.499
0.464
0.382
0.382
0.362
0.334
0.348
0.534
0.535
0.380
0.355
0.366
0.339
0.510
0.543
0.542
0.545
0.539
0.546
0.369
0.535
0.359
0.525
0.539
0.537
0.541
0.493
0.391
0.461
0.540
0.530
0.529
0.533
0.403
0.373
0.378
0.380
0.372
0.383
0.372
0.381
0.380
0.547
0.479
0.380
0.380
0.397
0.535
0.525
0.551
0.384
0.552
0.519
0.525
0.496
0.386
0.389
0.389
0.461
0.504
0.524
0.531
0.526
0.550
0.557
0.558
0.423
0.558
0.448
0.387
0.481
0.556
0.554
0.549
0.551
0.374
0.338
0.551
0.546
0.558
0.519
0.531
0.552
0.464
0.388
0.555
0.501
0.466
0.551
0.554
0.529
0.524
0.527
0.526
0.524
0.523
0.531
0.527
0.527
0.527
0.526
0.531
0.377
0.377
0.385
0.398
0.394
0.382
0.377
0.554
0.505
0.553
0.509
0.537
0.482
0.551
0.400
0.389
0.397
0.551
0.505
0.552
0.505
0.537
0.501
0.532
0.418
0.568
0.560
0.555
0.556
0.539
0.549
0.557
0.552
0.385
0.482
0.547
0.555
0.554
0.548
0.555
0.560
0.560
0.553
0.552
0.551
0.553
0.549
0.549
0.504
0.552
0.536
0.549
0.552
0.556
0.549
0.552
0.556
0.553
0.557
0.552
0.558
0.555
0.549
0.551
0.506
0.557
0.553
0.384
0.496
0.543
0.549
0.550
0.552
0.553
0.576
0.504
0.546
0.550
0.551
0.551
0.384
0.550
0.395
0.558
0.524
0.570
0.403
0.550
0.551
0.565
0.545
0.386
0.551
0.549
0.473
0.558
0.559
0.543
0.554
0.551
0.558
0.558
0.582
0.553
0.552
0.551
0.560
0.556
0.553
0.557
0.550
0.522
0.552
0.551
0.552
0.365
0.550
0.489
0.566
0.552
0.550
0.488
0.558
0.398
0.486
0.550
0.385
0.549
0.547
0.549
0.553
0.494
0.549
0.550
0.549
0.551
0.550
0.553
0.554
0.552
0.550
0.543
0.548
0.550
0.554
0.386
0.550
0.375
0.369
0.553
0.554
0.551
0.551
0.561
0.561
0.552
0.549
0.553
0.550
0.553
0.406
0.559
0.397
0.548
0.560
0.549
0.554
0.552
0.555
0.554
0.554
0.552
0.557
0.560
0.554
0.390
0.554
0.559
0.559
0.553
0.548
0.549
0.549
0.383
0.551
0.554
0.560
0.563
0.555
0.553
0.555
0.551
0.554
0.553
0.384
0.385
0.551
0.551
0.596
0.558
0.601
0.453
0.611
0.605
0.541
0.615
0.445
0.558
0.554
0.547
0.550
0.555
0.443
0.556
0.556
0.559
0.552
0.548
0.514
0.549
0.408
0.550
0.551
0.555
0.554
0.551
0.564
0.554
0.551
0.552
0.548
0.554
0.554
0.555
0.557
0.367
0.551
0.548
0.550
0.552
0.383
0.548
0.549
0.549
0.550
0.452
0.556
0.519
0.483
0.509
0.506
0.555
0.385
0.548
0.547
0.549
0.548
0.551
0.548
0.549
0.558
0.484
0.554
0.531
0.547
0.550
0.553
0.590
0.572
0.559
0.497
0.554
0.391
0.546
0.577
0.560
0.562
0.549
0.562
0.549
0.363
0.398
0.399
0.529
0.497
0.553
0.549
0.549
0.565
0.477
0.549
0.557
0.555
0.551
0.544
0.549
0.552
0.573
0.555
0.551
0.479
0.553
0.562
0.555
0.537
0.557
0.491
0.381
0.551
0.461
0.557
0.411
0.491
0.466
0.552
0.550
0.548
0.551
0.547
0.551
0.510
0.547
0.551
0.553
0.552
0.548
0.552
0.548
0.549
0.547
0.576
0.600
0.447
0.509
0.563
0.499
0.550
0.514
0.531
0.500
0.555
0.496
0.556
0.502
0.551
0.496
0.562
0.554
0.553
0.536
0.559
0.549
0.387
0.547
0.553
0.398
0.554
0.550
0.552
0.516
0.387
0.550
0.555
0.549
0.549
0.419
0.401
0.549
0.550
0.549
0.555
0.556
0.515
0.548
0.552
0.550
0.548
0.535
0.552
0.465
0.548
0.547
0.552
0.550
0.368
0.510
0.484
0.550
0.568
0.548
0.480
0.386
0.467
0.395
0.435
0.594
0.561
0.551
0.549
0.552
0.409
0.568
0.557
0.550
0.551
0.550
0.548
0.551
0.563
0.551
0.554
0.553
0.534
0.551
0.545
0.552
0.548
0.549
0.552
0.553
0.549
0.555
0.550
0.550
0.473
0.554
0.558
0.389
0.562
0.403
0.454
0.549
0.554
0.534
0.563
0.525
0.550
0.555
0.548
0.548
0.550
0.553
0.543
0.557
0.547
0.549
0.385
0.546
0.490
0.550
0.491
0.550
0.479
0.388
0.489
0.549
0.491
0.604
0.541
0.574
0.494
0.550
0.499
0.549
0.498
0.550
0.465
0.555
0.492
0.549
0.494
0.547
0.549
0.554
0.564
0.550
0.547
0.351
0.553
0.553
0.553
0.552
0.552
0.552
0.389
0.551
0.551
0.552
0.552
0.550
0.552
0.549
0.552
0.552
0.553
0.555
0.555
0.522
0.548
0.553
0.529
0.549
0.549
0.485
0.510
0.382
0.492
0.550
0.554
0.553
0.549
0.475
0.553
0.549
0.549
0.552
0.549
0.550
0.555
0.550
0.529
0.384
0.555
0.558
0.550
0.557
0.552
0.533
0.550
0.534
0.550
0.541
0.382
0.553
0.549
0.381
0.558
0.550
0.557
0.551
0.559
0.496
0.399
0.569
0.383
0.550
0.487
0.548
0.397
0.547
0.550
0.559
0.554
0.554
0.554
0.549
0.549
0.557
0.553
0.540
0.548
0.553
0.550
0.473
0.550
0.549
0.549
0.547
0.547
0.547
0.476
0.554
0.552
0.555
0.547
0.551
0.548
0.552
0.549
0.396
